<?xml version="1.0" encoding="UTF-8"?>
<testng-results ignored="0" total="1" passed="1" failed="0" skipped="0">
  <reporter-output>
  </reporter-output>
  <suite started-at="2020-12-18T20:40:28 GMT" name="Default suite" finished-at="2020-12-18T20:40:41 GMT" duration-ms="12881">
    <groups>
    </groups>
    <test started-at="2020-12-18T20:40:28 GMT" name="Default test" finished-at="2020-12-18T20:40:41 GMT" duration-ms="12881">
      <class name="Google.GoogleHomePage">
        <test-method is-config="true" signature="setUp()[pri:0, instance:Google.GoogleHomePage@4ef37659]" started-at="2020-12-18T20:40:28 GMT" name="setUp" finished-at="2020-12-18T20:40:36 GMT" duration-ms="7606" status="PASS">
          <reporter-output>
          </reporter-output>
        </test-method> <!-- setUp -->
        <test-method signature="googleHomePage()[pri:0, instance:Google.GoogleHomePage@4ef37659]" started-at="2020-12-18T20:40:36 GMT" name="googleHomePage" finished-at="2020-12-18T20:40:40 GMT" duration-ms="4342" status="PASS">
          <reporter-output>
          </reporter-output>
        </test-method> <!-- googleHomePage -->
        <test-method is-config="true" signature="tearDown()[pri:0, instance:Google.GoogleHomePage@4ef37659]" started-at="2020-12-18T20:40:40 GMT" name="tearDown" finished-at="2020-12-18T20:40:41 GMT" duration-ms="856" status="PASS">
          <reporter-output>
          </reporter-output>
        </test-method> <!-- tearDown -->
      </class> <!-- Google.GoogleHomePage -->
    </test> <!-- Default test -->
  </suite> <!-- Default suite -->
</testng-results>
